<?xml version="1.0" encoding="UTF-8"?>
<testng-results skipped="0" failed="0" total="1" passed="1">
  <reporter-output>
  </reporter-output>
  <suite name="Default suite" duration-ms="17089" started-at="2016-08-06T12:50:11Z" finished-at="2016-08-06T12:50:29Z">
    <groups>
    </groups>
    <test name="Default test" duration-ms="17089" started-at="2016-08-06T12:50:11Z" finished-at="2016-08-06T12:50:29Z">
      <class name="jenkinsdemopackage.DemoA">
        <test-method status="PASS" signature="testA()[pri:0, instance:jenkinsdemopackage.DemoA@26653222]" name="testA" duration-ms="17049" started-at="2016-08-06T18:20:12Z" finished-at="2016-08-06T18:20:29Z">
          <reporter-output>
          </reporter-output>
        </test-method> <!-- testA -->
      </class> <!-- jenkinsdemopackage.DemoA -->
    </test> <!-- Default test -->
  </suite> <!-- Default suite -->
</testng-results>
