<?xml version="1.0" encoding="UTF-8"?>
<testng-results skipped="0" failed="0" total="1" passed="1">
  <reporter-output>
  </reporter-output>
  <suite name="Suite" duration-ms="10677" started-at="2016-07-31T10:20:22Z" finished-at="2016-07-31T10:20:33Z">
    <groups>
    </groups>
    <test name="Test" duration-ms="10677" started-at="2016-07-31T10:20:22Z" finished-at="2016-07-31T10:20:33Z">
      <class name="jenkinsdemopackage.DemoA">
        <test-method status="PASS" signature="testA()[pri:0, instance:jenkinsdemopackage.DemoA@5d3411d]" name="testA" duration-ms="10662" started-at="2016-07-31T15:50:22Z" finished-at="2016-07-31T15:50:33Z">
          <reporter-output>
          </reporter-output>
        </test-method> <!-- testA -->
      </class> <!-- jenkinsdemopackage.DemoA -->
    </test> <!-- Test -->
  </suite> <!-- Suite -->
</testng-results>
